[1.865s] DEBUG:colcon:Command line arguments: ['/usr/bin/colcon', 'list', '-p', '--base-paths', '/home/robin/hka_projects/FE2_AGV_Manipulator/ROS-Packages/sew_maxo_mts']
[1.866s] DEBUG:colcon:Parsed command line arguments: Namespace(log_base=None, log_level=None, verb_name='list', build_base='build', ignore_user_meta=False, metas=['./colcon.meta'], base_paths=['/home/robin/hka_projects/FE2_AGV_Manipulator/ROS-Packages/sew_maxo_mts'], packages_ignore=None, packages_ignore_regex=None, paths=None, packages_up_to=None, packages_up_to_regex=None, packages_above=None, packages_above_and_dependencies=None, packages_above_depth=None, packages_select_by_dep=None, packages_skip_by_dep=None, packages_skip_up_to=None, packages_select_build_failed=False, packages_skip_build_finished=False, packages_select_test_failures=False, packages_skip_test_passed=False, packages_select=None, packages_skip=None, packages_select_regex=None, packages_skip_regex=None, packages_start=None, packages_end=None, allow_overriding=[], topological_order=False, names_only=False, paths_only=True, topological_graph=False, topological_graph_dot=False, topological_graph_density=False, topological_graph_legend=False, topological_graph_dot_cluster=False, topological_graph_dot_include_skipped=False, verb_parser=<colcon_defaults.argument_parser.defaults.DefaultArgumentsDecorator object at 0x74ad06d9e350>, verb_extension=<colcon_package_information.verb.list.ListVerb object at 0x74ad06dbadd0>, main=<bound method ListVerb.main of <colcon_package_information.verb.list.ListVerb object at 0x74ad06dbadd0>>)
[1.981s] Level 1:colcon.colcon_core.package_discovery:discover_packages(colcon_meta) check parameters
[1.981s] Level 1:colcon.colcon_core.package_discovery:discover_packages(recursive) check parameters
[1.981s] Level 1:colcon.colcon_core.package_discovery:discover_packages(ignore) check parameters
[1.981s] Level 1:colcon.colcon_core.package_discovery:discover_packages(path) check parameters
[1.981s] Level 1:colcon.colcon_core.package_discovery:discover_packages(recursive) discover
[1.982s] INFO:colcon.colcon_core.package_discovery:Crawling recursively for packages in '/home/robin/hka_projects/FE2_AGV_Manipulator/ROS-Packages/sew_maxo_mts'
[1.982s] Level 1:colcon.colcon_core.package_identification:_identify(/home/robin/hka_projects/FE2_AGV_Manipulator/ROS-Packages/sew_maxo_mts) by extensions ['ignore', 'ignore_ament_install']
[1.982s] Level 1:colcon.colcon_core.package_identification:_identify(/home/robin/hka_projects/FE2_AGV_Manipulator/ROS-Packages/sew_maxo_mts) by extension 'ignore'
[1.982s] Level 1:colcon.colcon_core.package_identification:_identify(/home/robin/hka_projects/FE2_AGV_Manipulator/ROS-Packages/sew_maxo_mts) by extension 'ignore_ament_install'
[1.983s] Level 1:colcon.colcon_core.package_identification:_identify(/home/robin/hka_projects/FE2_AGV_Manipulator/ROS-Packages/sew_maxo_mts) by extensions ['colcon_pkg']
[1.983s] Level 1:colcon.colcon_core.package_identification:_identify(/home/robin/hka_projects/FE2_AGV_Manipulator/ROS-Packages/sew_maxo_mts) by extension 'colcon_pkg'
[1.983s] Level 1:colcon.colcon_core.package_identification:_identify(/home/robin/hka_projects/FE2_AGV_Manipulator/ROS-Packages/sew_maxo_mts) by extensions ['colcon_meta']
[1.983s] Level 1:colcon.colcon_core.package_identification:_identify(/home/robin/hka_projects/FE2_AGV_Manipulator/ROS-Packages/sew_maxo_mts) by extension 'colcon_meta'
[1.983s] Level 1:colcon.colcon_core.package_identification:_identify(/home/robin/hka_projects/FE2_AGV_Manipulator/ROS-Packages/sew_maxo_mts) by extensions ['ros']
[1.983s] Level 1:colcon.colcon_core.package_identification:_identify(/home/robin/hka_projects/FE2_AGV_Manipulator/ROS-Packages/sew_maxo_mts) by extension 'ros'
[2.009s] Level 1:colcon.colcon_core.package_identification:_identify(/home/robin/hka_projects/FE2_AGV_Manipulator/ROS-Packages/sew_maxo_mts) by extensions ['cmake', 'python']
[2.009s] Level 1:colcon.colcon_core.package_identification:_identify(/home/robin/hka_projects/FE2_AGV_Manipulator/ROS-Packages/sew_maxo_mts) by extension 'cmake'
[2.010s] Level 1:colcon.colcon_core.package_identification:_identify(/home/robin/hka_projects/FE2_AGV_Manipulator/ROS-Packages/sew_maxo_mts) by extension 'python'
[2.010s] Level 1:colcon.colcon_core.package_identification:_identify(/home/robin/hka_projects/FE2_AGV_Manipulator/ROS-Packages/sew_maxo_mts) by extensions ['python_setup_py']
[2.010s] Level 1:colcon.colcon_core.package_identification:_identify(/home/robin/hka_projects/FE2_AGV_Manipulator/ROS-Packages/sew_maxo_mts) by extension 'python_setup_py'
[2.010s] Level 1:colcon.colcon_core.package_identification:_identify(/home/robin/hka_projects/FE2_AGV_Manipulator/ROS-Packages/sew_maxo_mts/log) by extensions ['ignore', 'ignore_ament_install']
[2.011s] Level 1:colcon.colcon_core.package_identification:_identify(/home/robin/hka_projects/FE2_AGV_Manipulator/ROS-Packages/sew_maxo_mts/log) by extension 'ignore'
[2.011s] Level 1:colcon.colcon_core.package_identification:_identify(/home/robin/hka_projects/FE2_AGV_Manipulator/ROS-Packages/sew_maxo_mts/log) ignored
[2.011s] Level 1:colcon.colcon_core.package_identification:_identify(/home/robin/hka_projects/FE2_AGV_Manipulator/ROS-Packages/sew_maxo_mts/src) by extensions ['ignore', 'ignore_ament_install']
[2.011s] Level 1:colcon.colcon_core.package_identification:_identify(/home/robin/hka_projects/FE2_AGV_Manipulator/ROS-Packages/sew_maxo_mts/src) by extension 'ignore'
[2.012s] Level 1:colcon.colcon_core.package_identification:_identify(/home/robin/hka_projects/FE2_AGV_Manipulator/ROS-Packages/sew_maxo_mts/src) by extension 'ignore_ament_install'
[2.012s] Level 1:colcon.colcon_core.package_identification:_identify(/home/robin/hka_projects/FE2_AGV_Manipulator/ROS-Packages/sew_maxo_mts/src) by extensions ['colcon_pkg']
[2.012s] Level 1:colcon.colcon_core.package_identification:_identify(/home/robin/hka_projects/FE2_AGV_Manipulator/ROS-Packages/sew_maxo_mts/src) by extension 'colcon_pkg'
[2.012s] Level 1:colcon.colcon_core.package_identification:_identify(/home/robin/hka_projects/FE2_AGV_Manipulator/ROS-Packages/sew_maxo_mts/src) by extensions ['colcon_meta']
[2.012s] Level 1:colcon.colcon_core.package_identification:_identify(/home/robin/hka_projects/FE2_AGV_Manipulator/ROS-Packages/sew_maxo_mts/src) by extension 'colcon_meta'
[2.012s] Level 1:colcon.colcon_core.package_identification:_identify(/home/robin/hka_projects/FE2_AGV_Manipulator/ROS-Packages/sew_maxo_mts/src) by extensions ['ros']
[2.012s] Level 1:colcon.colcon_core.package_identification:_identify(/home/robin/hka_projects/FE2_AGV_Manipulator/ROS-Packages/sew_maxo_mts/src) by extension 'ros'
[2.012s] Level 1:colcon.colcon_core.package_identification:_identify(/home/robin/hka_projects/FE2_AGV_Manipulator/ROS-Packages/sew_maxo_mts/src) by extensions ['cmake', 'python']
[2.012s] Level 1:colcon.colcon_core.package_identification:_identify(/home/robin/hka_projects/FE2_AGV_Manipulator/ROS-Packages/sew_maxo_mts/src) by extension 'cmake'
[2.012s] Level 1:colcon.colcon_core.package_identification:_identify(/home/robin/hka_projects/FE2_AGV_Manipulator/ROS-Packages/sew_maxo_mts/src) by extension 'python'
[2.013s] Level 1:colcon.colcon_core.package_identification:_identify(/home/robin/hka_projects/FE2_AGV_Manipulator/ROS-Packages/sew_maxo_mts/src) by extensions ['python_setup_py']
[2.013s] Level 1:colcon.colcon_core.package_identification:_identify(/home/robin/hka_projects/FE2_AGV_Manipulator/ROS-Packages/sew_maxo_mts/src) by extension 'python_setup_py'
[2.013s] Level 1:colcon.colcon_core.package_identification:_identify(/home/robin/hka_projects/FE2_AGV_Manipulator/ROS-Packages/sew_maxo_mts/src/gazebo_testenviroment) by extensions ['ignore', 'ignore_ament_install']
[2.013s] Level 1:colcon.colcon_core.package_identification:_identify(/home/robin/hka_projects/FE2_AGV_Manipulator/ROS-Packages/sew_maxo_mts/src/gazebo_testenviroment) by extension 'ignore'
[2.013s] Level 1:colcon.colcon_core.package_identification:_identify(/home/robin/hka_projects/FE2_AGV_Manipulator/ROS-Packages/sew_maxo_mts/src/gazebo_testenviroment) by extension 'ignore_ament_install'
[2.013s] Level 1:colcon.colcon_core.package_identification:_identify(/home/robin/hka_projects/FE2_AGV_Manipulator/ROS-Packages/sew_maxo_mts/src/gazebo_testenviroment) by extensions ['colcon_pkg']
[2.014s] Level 1:colcon.colcon_core.package_identification:_identify(/home/robin/hka_projects/FE2_AGV_Manipulator/ROS-Packages/sew_maxo_mts/src/gazebo_testenviroment) by extension 'colcon_pkg'
[2.014s] Level 1:colcon.colcon_core.package_identification:_identify(/home/robin/hka_projects/FE2_AGV_Manipulator/ROS-Packages/sew_maxo_mts/src/gazebo_testenviroment) by extensions ['colcon_meta']
[2.014s] Level 1:colcon.colcon_core.package_identification:_identify(/home/robin/hka_projects/FE2_AGV_Manipulator/ROS-Packages/sew_maxo_mts/src/gazebo_testenviroment) by extension 'colcon_meta'
[2.014s] Level 1:colcon.colcon_core.package_identification:_identify(/home/robin/hka_projects/FE2_AGV_Manipulator/ROS-Packages/sew_maxo_mts/src/gazebo_testenviroment) by extensions ['ros']
[2.014s] Level 1:colcon.colcon_core.package_identification:_identify(/home/robin/hka_projects/FE2_AGV_Manipulator/ROS-Packages/sew_maxo_mts/src/gazebo_testenviroment) by extension 'ros'
[2.019s] DEBUG:colcon.colcon_core.package_identification:Package '/home/robin/hka_projects/FE2_AGV_Manipulator/ROS-Packages/sew_maxo_mts/src/gazebo_testenviroment' with type 'ros.ament_cmake' and name 'gazebo_testenviroment'
[2.020s] Level 1:colcon.colcon_core.package_identification:_identify(/home/robin/hka_projects/FE2_AGV_Manipulator/ROS-Packages/sew_maxo_mts/src/sew_agv_description) by extensions ['ignore', 'ignore_ament_install']
[2.020s] Level 1:colcon.colcon_core.package_identification:_identify(/home/robin/hka_projects/FE2_AGV_Manipulator/ROS-Packages/sew_maxo_mts/src/sew_agv_description) by extension 'ignore'
[2.020s] Level 1:colcon.colcon_core.package_identification:_identify(/home/robin/hka_projects/FE2_AGV_Manipulator/ROS-Packages/sew_maxo_mts/src/sew_agv_description) by extension 'ignore_ament_install'
[2.020s] Level 1:colcon.colcon_core.package_identification:_identify(/home/robin/hka_projects/FE2_AGV_Manipulator/ROS-Packages/sew_maxo_mts/src/sew_agv_description) by extensions ['colcon_pkg']
[2.020s] Level 1:colcon.colcon_core.package_identification:_identify(/home/robin/hka_projects/FE2_AGV_Manipulator/ROS-Packages/sew_maxo_mts/src/sew_agv_description) by extension 'colcon_pkg'
[2.021s] Level 1:colcon.colcon_core.package_identification:_identify(/home/robin/hka_projects/FE2_AGV_Manipulator/ROS-Packages/sew_maxo_mts/src/sew_agv_description) by extensions ['colcon_meta']
[2.021s] Level 1:colcon.colcon_core.package_identification:_identify(/home/robin/hka_projects/FE2_AGV_Manipulator/ROS-Packages/sew_maxo_mts/src/sew_agv_description) by extension 'colcon_meta'
[2.021s] Level 1:colcon.colcon_core.package_identification:_identify(/home/robin/hka_projects/FE2_AGV_Manipulator/ROS-Packages/sew_maxo_mts/src/sew_agv_description) by extensions ['ros']
[2.021s] Level 1:colcon.colcon_core.package_identification:_identify(/home/robin/hka_projects/FE2_AGV_Manipulator/ROS-Packages/sew_maxo_mts/src/sew_agv_description) by extension 'ros'
[2.022s] DEBUG:colcon.colcon_core.package_identification:Package '/home/robin/hka_projects/FE2_AGV_Manipulator/ROS-Packages/sew_maxo_mts/src/sew_agv_description' with type 'ros.ament_cmake' and name 'sew_agv_description'
[2.023s] Level 1:colcon.colcon_core.package_identification:_identify(/home/robin/hka_projects/FE2_AGV_Manipulator/ROS-Packages/sew_maxo_mts/src/sew_agv_navigation) by extensions ['ignore', 'ignore_ament_install']
[2.023s] Level 1:colcon.colcon_core.package_identification:_identify(/home/robin/hka_projects/FE2_AGV_Manipulator/ROS-Packages/sew_maxo_mts/src/sew_agv_navigation) by extension 'ignore'
[2.023s] Level 1:colcon.colcon_core.package_identification:_identify(/home/robin/hka_projects/FE2_AGV_Manipulator/ROS-Packages/sew_maxo_mts/src/sew_agv_navigation) by extension 'ignore_ament_install'
[2.023s] Level 1:colcon.colcon_core.package_identification:_identify(/home/robin/hka_projects/FE2_AGV_Manipulator/ROS-Packages/sew_maxo_mts/src/sew_agv_navigation) by extensions ['colcon_pkg']
[2.023s] Level 1:colcon.colcon_core.package_identification:_identify(/home/robin/hka_projects/FE2_AGV_Manipulator/ROS-Packages/sew_maxo_mts/src/sew_agv_navigation) by extension 'colcon_pkg'
[2.023s] Level 1:colcon.colcon_core.package_identification:_identify(/home/robin/hka_projects/FE2_AGV_Manipulator/ROS-Packages/sew_maxo_mts/src/sew_agv_navigation) by extensions ['colcon_meta']
[2.023s] Level 1:colcon.colcon_core.package_identification:_identify(/home/robin/hka_projects/FE2_AGV_Manipulator/ROS-Packages/sew_maxo_mts/src/sew_agv_navigation) by extension 'colcon_meta'
[2.023s] Level 1:colcon.colcon_core.package_identification:_identify(/home/robin/hka_projects/FE2_AGV_Manipulator/ROS-Packages/sew_maxo_mts/src/sew_agv_navigation) by extensions ['ros']
[2.024s] Level 1:colcon.colcon_core.package_identification:_identify(/home/robin/hka_projects/FE2_AGV_Manipulator/ROS-Packages/sew_maxo_mts/src/sew_agv_navigation) by extension 'ros'
[2.024s] DEBUG:colcon.colcon_core.package_identification:Package '/home/robin/hka_projects/FE2_AGV_Manipulator/ROS-Packages/sew_maxo_mts/src/sew_agv_navigation' with type 'ros.ament_cmake' and name 'sew_agv_navigation'
[2.025s] Level 1:colcon.colcon_core.package_discovery:discover_packages(recursive) using defaults
